<?xml version="1.0" encoding="UTF-8"?>
<testng-results ignored="0" total="1" passed="1" failed="0" skipped="0">
  <reporter-output>
  </reporter-output>
  <suite started-at="2024-10-25T15:52:51Z" name="Default suite" finished-at="2024-10-25T15:52:52Z" duration-ms="1561">
    <groups>
    </groups>
    <test started-at="2024-10-25T15:52:51Z" name="Default test" finished-at="2024-10-25T15:52:52Z" duration-ms="1561">
      <class name="org.apiPack.HTTPMethods">
        <test-method signature="get()[pri:0, instance:org.apiPack.HTTPMethods@7e057f43]" started-at="2024-10-25T15:52:51Z" name="get" finished-at="2024-10-25T15:52:52Z" duration-ms="1542" status="PASS">
          <reporter-output>
          </reporter-output>
        </test-method> <!-- get -->
      </class> <!-- org.apiPack.HTTPMethods -->
    </test> <!-- Default test -->
  </suite> <!-- Default suite -->
</testng-results>
